{"level":"info","message":"Отримано запит","method":"POST","url":"/api/auth/register"}
{"level":"info","message":"Отримано запит","method":"GET","url":"/api/auth/verify/toq_gWpZL_DrkWJ3dgvX2"}
{"level":"info","message":"Отримано запит","method":"POST","url":"/api/auth/register"}
{"level":"info","message":"Отримано запит","method":"POST","url":"/api/auth/register"}
{"level":"info","message":"Отримано запит","method":"POST","url":"/api/auth/register"}
{"level":"info","message":"Отримано запит","method":"POST","url":"/api/auth/register"}
{"level":"info","message":"Отримано запит","method":"POST","url":"/api/auth/register"}
{"level":"info","message":"Отримано запит","method":"GET","url":"/api/auth/verify/fIICBFZhuHbbsm6yJ-Auq"}
{"level":"info","message":"Отримано запит","method":"POST","url":"/api/auth/register"}
{"level":"info","message":"Отримано запит","method":"POST","url":"/api/auth/register"}
{"level":"info","message":"Отримано запит","method":"POST","url":"/api/users/verify"}
{"level":"info","message":"Отримано запит","method":"POST","url":"/api/users/verify"}
{"level":"info","message":"Отримано запит","method":"POST","url":"/api/users/verify"}
{"level":"info","message":"Отримано запит","method":"POST","url":"/api/users/verify"}
{"level":"info","message":"Отримано запит","method":"POST","url":"/api/users/verify"}
{"level":"info","message":"Отримано запит","method":"POST","url":"/api/auth/register"}
{"level":"info","message":"Отримано запит","method":"GET","url":"/api/auth/verify/NLoO0PVtbvIE3zdq7kIJF"}
{"level":"info","message":"Отримано запит","method":"GET","url":"/favicon.ico"}
{"level":"info","message":"Отримано запит","method":"POST","url":"/api/users/verify"}
{"level":"info","message":"Отримано запит","method":"POST","url":"/api/auth/register"}
{"level":"info","message":"Отримано запит","method":"POST","url":"/api/users/verify"}
{"level":"info","message":"Отримано запит","method":"POST","url":"/api/users/verify"}
{"level":"info","message":"Отримано запит","method":"POST","url":"/api/users/verify"}
{"level":"info","message":"Отримано запит","method":"POST","url":"/api/auth/register"}
{"level":"info","message":"Отримано запит","method":"POST","url":"/api/users/verify"}
{"level":"info","message":"Отримано запит","method":"POST","url":"/api/users/verify"}
{"level":"info","message":"Отримано запит","method":"GET","url":"/api/users/verify/046re-cI1LL0CKj4ypzI7"}
{"level":"info","message":"Отримано запит","method":"POST","url":"/api/users/verify"}
{"level":"info","message":"Отримано запит","method":"POST","url":"/api/auth/register"}
{"level":"info","message":"Отримано запит","method":"POST","url":"/api/users/verify"}
{"level":"info","message":"Отримано запит","method":"POST","url":"/api/users/verify"}
{"level":"info","message":"Отримано запит","method":"POST","url":"/api/users/verify/hH14yc19Nlhp59O-D8Bt"}
{"level":"info","message":"Отримано запит","method":"POST","url":"/api/users/verify/hH14yc19Nlhp59O-D8BtZ"}
{"level":"info","message":"Отримано запит","method":"POST","url":"/api/users/verify/UziodPmTDtAcK4onUIDlP0THPlHbHX"}
{"level":"info","message":"Отримано запит","method":"GET","url":"/api/users/verify/UziodPmTDtAcK4onUIDlP0THPlHbHX"}
{"level":"info","message":"Отримано запит","method":"POST","url":"/api/auth/register"}
{"level":"info","message":"Отримано запит","method":"POST","url":"/api/auth/login"}
{"level":"info","message":"Отримано запит","method":"POST","url":"/api/auth/login"}
{"level":"info","message":"Отримано запит","method":"POST","url":"/api/auth/register"}
{"level":"info","message":"Отримано запит","method":"POST","url":"/api/auth/register"}
{"level":"info","message":"Отримано запит","method":"POST","url":"/api/auth/register"}
{"level":"info","message":"Отримано запит","method":"POST","url":"/api/auth/register"}
{"level":"info","message":"Отримано запит","method":"POST","url":"/api/auth/register"}
{"level":"info","message":"Отримано запит","method":"GET","url":"/api/auth/verify/GZIirZ3-0mUh3whiPPxYA"}
{"level":"info","message":"Отримано запит","method":"POST","url":"/api/users/verify"}
{"level":"info","message":"Отримано запит","method":"GET","url":"/api/auth/verify/N2f8NIe_e4Flx2fd7JJqe"}
{"level":"info","message":"Отримано запит","method":"GET","url":"/api/auth/verify/N2f8NIe_e4Flx2fd7JJqe"}
{"level":"info","message":"Отримано запит","method":"POST","url":"/api/auth/register"}
{"level":"info","message":"Отримано запит","method":"POST","url":"/api/auth/login"}
{"level":"info","message":"Отримано запит","method":"GET","url":"/api/auth/verify/dA2IP9IVtjqpM1R3iBk3N"}
{"level":"info","message":"Отримано запит","method":"POST","url":"/api/auth/register"}
{"level":"info","message":"Отримано запит","method":"GET","url":"/api/users/verify/P7Jmat66AbNwWBtWOBzbm"}
{"level":"info","message":"Отримано запит","method":"POST","url":"/api/users/verify"}
{"level":"info","message":"Отримано запит","method":"POST","url":"/api/auth/register"}
{"level":"info","message":"Отримано запит","method":"POST","url":"/api/users/verify"}
{"level":"info","message":"Отримано запит","method":"POST","url":"/api/users/verify"}
{"level":"info","message":"Отримано запит","method":"POST","url":"/api/auth/register"}
{"level":"info","message":"Отримано запит","method":"GET","url":"/goit-react-hw-06-phonebook"}
{"level":"info","message":"Отримано запит","method":"POST","url":"/api/auth/register"}
{"level":"info","message":"Отримано запит","method":"POST","url":"/api/auth/login"}
{"level":"info","message":"Отримано запит","method":"GET","url":"/api/users/verify/OFl8AFdFImJWLZsuGM8PQ"}
{"level":"info","message":"Отримано запит","method":"POST","url":"/api/auth/register"}
{"level":"info","message":"Отримано запит","method":"POST","url":"/api/users/verify"}
{"level":"info","message":"Отримано запит","method":"GET","url":"/api/users/verify/I64IQ2z7-3Sx45Vt-mdw4"}
